[LOG] SystemI::init                            : FMOD Studio Version: 00010802 (74770)
[LOG] SystemI::init                            : maxchannels = 1024, flags = 00030000, extradriverdata = 0000000000000000
[LOG] SystemI::close                           : 
[LOG] SystemI::close                           : Stop all sounds
[LOG] SystemI::close                           : done.

[LOG] OutputWASAPI::init                       : Mix Format (WAVEFORMATEX): wFormatTag=0xFFFE, nChannels=2, nSamplesPerSec=44100, nAvgBytesPerSec=352800, nBlockAlign=8, wBitsPerSample=32, cbSize=22.
[LOG] OutputWASAPI::init                       : Mix Format (WAVEFORMATEXTENSIBLE): wValidBitsPerSample=32, dwChannelMask=0x00000003, SubFormat=00000003-0000-0010-8000-00AA00389B71.
[LOG] OutputWASAPI::init                       : Output buffer size: 3760 samples, latency: 0.00ms, period: 10.16ms, DSP buffer: 1024 * 4
[WRN] SystemI::init                            : Output requires a sample rate of 44100Hz, resampling will occur.
[LOG] Thread::initThread                       : Initializing FMOD mixer thread.  priority 3
[LOG] Thread::initThread                       : - Stacksize 49152.  Stack pointer 0000000000000000 : usesemaphore = 0 : sleeptime = 0
[LOG] Thread::callback                         : * FMOD mixer thread started
[LOG] SystemI::init                            : Set up emulated output
[LOG] SystemI::init                            : create the channel pool
[LOG] Thread::initThread                       : Initializing FMOD stream thread.  priority 2
[LOG] Thread::initThread                       : - Stacksize 65536.  Stack pointer 0000000000000000 : usesemaphore = 0 : sleeptime = 10
[LOG] Thread::callback                         : * FMOD stream thread started
[LOG] Thread::initThread                       : Initializing FMOD Studio update thread.  priority 0
[LOG] Thread::initThread                       : - Stacksize 65536.  Stack pointer 0000000000000000 : usesemaphore = 0 : sleeptime = 1
[LOG] Thread::callback                         : * FMOD Studio update thread started
[LOG] Thread::initThread                       : Initializing FMOD Studio sample load thread.  priority 0
[LOG] Thread::initThread                       : - Stacksize 65536.  Stack pointer 0000000000000000 : usesemaphore = 0 : sleeptime = 1
[LOG] Thread::callback                         : * FMOD Studio sample load thread started
[LOG] LiveUpdate::init                         : 
[LOG] Thread::initThread                       : Initializing FMOD Studio bank load thread.  priority 0
[LOG] Thread::initThread                       : - Stacksize 65536.  Stack pointer 0000000000000000 : usesemaphore = 0 : sleeptime = 1
[LOG] Thread::callback                         : * FMOD Studio bank load thread started
[LOG] Profile::init                            : Profiler listening on port: 9264
[LOG] Manager::readBank                        : fileversion = 74, compatVersion = 70 (oldest = 44, newest = 74)
[LOG] Manager::readBank                        : fileversion = 74, compatVersion = 70 (oldest = 44, newest = 74)
[LOG] PlaybackSystem::acquireMasterBus         : Setting master channel group format to 6
[LOG] SystemI::createSoundInternal             : filename =  : mode 0a000202
[LOG] SystemI::createSoundInternal             : exinfo->cbsize             = 232
[LOG] SystemI::createSoundInternal             : exinfo->length             = 15512768
[LOG] SystemI::createSoundInternal             : exinfo->fileoffset         = 189984
[LOG] SystemI::createSoundInternal             : exinfo->numsubsounds       = 1
[LOG] SystemI::createSoundInternal             : exinfo->inclusionlist      = 00000000C95EFB48
[LOG] SystemI::createSoundInternal             : exinfo->inclusionlistnum   = 1
[LOG] SystemI::createSoundInternal             : exinfo->suggestedsoundtype = 5
[LOG] SystemI::createSoundInternal             : exinfo->useropen           = 00007FFE3E552E20
[LOG] SystemI::createSoundInternal             : exinfo->userclose          = 00007FFE3E552DF0
[LOG] SystemI::createSoundInternal             : exinfo->userread           = 00007FFE3E552F00
[LOG] SystemI::createSoundInternal             : exinfo->userseek           = 00007FFE3E552FB0
[LOG] SystemI::createSoundInternal             : exinfo->fileuserdata       = 00000000242647A8
[LOG] SystemI::createSoundInternal             : exinfo->initialseekpostype = 1
[LOG] SystemI::createSoundInternal             : Format has 1 subsounds.
[LOG] SystemI::createSoundInternal             : Create as FMOD_CREATESAMPLE
[LOG] SystemI::createSoundInternal             : Multi-sample sound (1 subsounds), create a sample container.
[LOG] SystemI::createSoundInternal             : creating subsound 0/1
[LOG] SystemI::createSample                    : mode 0a000202 length 288000 samples, lengthbytes 52736
[LOG] SystemI::createSample                    : channels = 1
[LOG] SystemI::createSample                    : output = 0000000024280508
[LOG] OutputSoftware::createSample             : lengthpcm 288000, lengthbytes 52736, channels 1, format 2, freq 48000, mode 0a00020a
[LOG] SystemI::createSoundInternal             : done.  OpenState now = FMOD_OPENSTATE_READY.

[LOG] SystemI::createSoundInternal             : filename =  : mode 0a000202
[LOG] SystemI::createSoundInternal             : exinfo->cbsize             = 232
[LOG] SystemI::createSoundInternal             : exinfo->length             = 15512768
[LOG] SystemI::createSoundInternal             : exinfo->fileoffset         = 189984
[LOG] SystemI::createSoundInternal             : exinfo->numsubsounds       = 1
[LOG] SystemI::createSoundInternal             : exinfo->inclusionlist      = 00000000C95EFB48
[LOG] SystemI::createSoundInternal             : exinfo->inclusionlistnum   = 1
[LOG] SystemI::createSoundInternal             : exinfo->suggestedsoundtype = 5
[LOG] SystemI::createSoundInternal             : exinfo->useropen           = 00007FFE3E552E20
[LOG] SystemI::createSoundInternal             : exinfo->userclose          = 00007FFE3E552DF0
[LOG] SystemI::createSoundInternal             : exinfo->userread           = 00007FFE3E552F00
[LOG] SystemI::createSoundInternal             : exinfo->userseek           = 00007FFE3E552FB0
[LOG] SystemI::createSoundInternal             : exinfo->fileuserdata       = 00000000242647A8
[LOG] SystemI::createSoundInternal             : exinfo->initialseekpostype = 1
[LOG] SystemI::createSoundInternal             : Format has 1 subsounds.
[LOG] SystemI::createSoundInternal             : Create as FMOD_CREATESAMPLE
[LOG] SystemI::createSoundInternal             : Multi-sample sound (1 subsounds), create a sample container.
[LOG] SystemI::createSoundInternal             : creating subsound 0/1
[LOG] SystemI::createSample                    : mode 0a000202 length 7859350 samples, lengthbytes 299104
[LOG] SystemI::createSample                    : channels = 1
[LOG] SystemI::createSample                    : output = 0000000024280508
[LOG] OutputSoftware::createSample             : lengthpcm 7859350, lengthbytes 299104, channels 1, format 2, freq 48000, mode 0a00020a
[LOG] SystemI::createSoundInternal             : done.  OpenState now = FMOD_OPENSTATE_READY.

[LOG] SystemI::createSoundInternal             : filename =  : mode 0a000202
[LOG] SystemI::createSoundInternal             : exinfo->cbsize             = 232
[LOG] SystemI::createSoundInternal             : exinfo->length             = 15512768
[LOG] SystemI::createSoundInternal             : exinfo->fileoffset         = 189984
[LOG] SystemI::createSoundInternal             : exinfo->numsubsounds       = 1
[LOG] SystemI::createSoundInternal             : exinfo->inclusionlist      = 00000000C95EFB48
[LOG] SystemI::createSoundInternal             : exinfo->inclusionlistnum   = 1
[LOG] SystemI::createSoundInternal             : exinfo->suggestedsoundtype = 5
[LOG] SystemI::createSoundInternal             : exinfo->useropen           = 00007FFE3E552E20
[LOG] SystemI::createSoundInternal             : exinfo->userclose          = 00007FFE3E552DF0
[LOG] SystemI::createSoundInternal             : exinfo->userread           = 00007FFE3E552F00
[LOG] SystemI::createSoundInternal             : exinfo->userseek           = 00007FFE3E552FB0
[LOG] SystemI::createSoundInternal             : exinfo->fileuserdata       = 00000000242638C8
[LOG] SystemI::createSoundInternal             : exinfo->initialseekpostype = 1
[LOG] SystemI::createSoundInternal             : Format has 1 subsounds.
[LOG] SystemI::createSoundInternal             : Create as FMOD_CREATESAMPLE
[LOG] SystemI::createSoundInternal             : Multi-sample sound (1 subsounds), create a sample container.
[LOG] SystemI::createSoundInternal             : creating subsound 0/1
[LOG] SystemI::createSample                    : mode 0a000202 length 557077 samples, lengthbytes 98624
[LOG] SystemI::createSample                    : channels = 2
[LOG] SystemI::createSample                    : output = 0000000024280508
[LOG] OutputSoftware::createSample             : lengthpcm 557077, lengthbytes 98624, channels 2, format 2, freq 48000, mode 0a00020a
[LOG] SystemI::createSoundInternal             : done.  OpenState now = FMOD_OPENSTATE_READY.

[LOG] SystemI::createSoundInternal             : filename =  : mode 0a000202
[LOG] SystemI::createSoundInternal             : exinfo->cbsize             = 232
[LOG] SystemI::createSoundInternal             : exinfo->length             = 15512768
[LOG] SystemI::createSoundInternal             : exinfo->fileoffset         = 189984
[LOG] SystemI::createSoundInternal             : exinfo->numsubsounds       = 1
[LOG] SystemI::createSoundInternal             : exinfo->inclusionlist      = 00000000C95EFB48
[LOG] SystemI::createSoundInternal             : exinfo->inclusionlistnum   = 1
[LOG] SystemI::createSoundInternal             : exinfo->suggestedsoundtype = 5
[LOG] SystemI::createSoundInternal             : exinfo->useropen           = 00007FFE3E552E20
[LOG] SystemI::createSoundInternal             : exinfo->userclose          = 00007FFE3E552DF0
[LOG] SystemI::createSoundInternal             : exinfo->userread           = 00007FFE3E552F00
[LOG] SystemI::createSoundInternal             : exinfo->userseek           = 00007FFE3E552FB0
[LOG] SystemI::createSoundInternal             : exinfo->fileuserdata       = 00000000242638C8
[LOG] SystemI::createSoundInternal             : exinfo->initialseekpostype = 1
[LOG] SystemI::createSoundInternal             : Format has 1 subsounds.
[LOG] SystemI::createSoundInternal             : Create as FMOD_CREATESAMPLE
[LOG] SystemI::createSoundInternal             : Multi-sample sound (1 subsounds), create a sample container.
[LOG] SystemI::createSoundInternal             : creating subsound 0/1
[LOG] SystemI::createSample                    : mode 0a000202 length 488308 samples, lengthbytes 92672
[LOG] SystemI::createSample                    : channels = 2
[LOG] SystemI::createSample                    : output = 0000000024280508
[LOG] OutputSoftware::createSample             : lengthpcm 488308, lengthbytes 92672, channels 2, format 2, freq 48000, mode 0a00020a
[LOG] SystemI::createSoundInternal             : done.  OpenState now = FMOD_OPENSTATE_READY.

[LOG] SystemI::createSoundInternal             : filename =  : mode 0a000202
[LOG] SystemI::createSoundInternal             : exinfo->cbsize             = 232
[LOG] SystemI::createSoundInternal             : exinfo->length             = 15512768
[LOG] SystemI::createSoundInternal             : exinfo->fileoffset         = 189984
[LOG] SystemI::createSoundInternal             : exinfo->numsubsounds       = 1
[LOG] SystemI::createSoundInternal             : exinfo->inclusionlist      = 00000000C95EFB48
[LOG] SystemI::createSoundInternal             : exinfo->inclusionlistnum   = 1
[LOG] SystemI::createSoundInternal             : exinfo->suggestedsoundtype = 5
[LOG] SystemI::createSoundInternal             : exinfo->useropen           = 00007FFE3E552E20
[LOG] SystemI::createSoundInternal             : exinfo->userclose          = 00007FFE3E552DF0
[LOG] SystemI::createSoundInternal             : exinfo->userread           = 00007FFE3E552F00
[LOG] SystemI::createSoundInternal             : exinfo->userseek           = 00007FFE3E552FB0
[LOG] SystemI::createSoundInternal             : exinfo->fileuserdata       = 0000000024266348
[LOG] SystemI::createSoundInternal             : exinfo->initialseekpostype = 1
[LOG] SystemI::createSoundInternal             : Format has 1 subsounds.
[LOG] SystemI::createSoundInternal             : Create as FMOD_CREATESAMPLE
[LOG] SystemI::createSoundInternal             : Multi-sample sound (1 subsounds), create a sample container.
[LOG] SystemI::createSoundInternal             : creating subsound 0/1
[LOG] SystemI::createSample                    : mode 0a000202 length 519105 samples, lengthbytes 147552
[LOG] SystemI::createSample                    : channels = 2
[LOG] SystemI::createSample                    : output = 0000000024280508
[LOG] OutputSoftware::createSample             : lengthpcm 519105, lengthbytes 147552, channels 2, format 2, freq 48000, mode 0a00020a
[LOG] SystemI::createSoundInternal             : done.  OpenState now = FMOD_OPENSTATE_READY.

[LOG] SystemI::createSoundInternal             : filename =  : mode 0a000202
[LOG] SystemI::createSoundInternal             : exinfo->cbsize             = 232
[LOG] SystemI::createSoundInternal             : exinfo->length             = 15512768
[LOG] SystemI::createSoundInternal             : exinfo->fileoffset         = 189984
[LOG] SystemI::createSoundInternal             : exinfo->numsubsounds       = 1
[LOG] SystemI::createSoundInternal             : exinfo->inclusionlist      = 00000000C95EFB48
[LOG] SystemI::createSoundInternal             : exinfo->inclusionlistnum   = 1
[LOG] SystemI::createSoundInternal             : exinfo->suggestedsoundtype = 5
[LOG] SystemI::createSoundInternal             : exinfo->useropen           = 00007FFE3E552E20
[LOG] SystemI::createSoundInternal             : exinfo->userclose          = 00007FFE3E552DF0
[LOG] SystemI::createSoundInternal             : exinfo->userread           = 00007FFE3E552F00
[LOG] SystemI::createSoundInternal             : exinfo->userseek           = 00007FFE3E552FB0
[LOG] SystemI::createSoundInternal             : exinfo->fileuserdata       = 0000000024266348
[LOG] SystemI::createSoundInternal             : exinfo->initialseekpostype = 1
[LOG] SystemI::createSoundInternal             : Format has 1 subsounds.
[LOG] SystemI::createSoundInternal             : Create as FMOD_CREATESAMPLE
[LOG] SystemI::createSoundInternal             : Multi-sample sound (1 subsounds), create a sample container.
[LOG] SystemI::createSoundInternal             : creating subsound 0/1
[LOG] SystemI::createSample                    : mode 0a000202 length 307400 samples, lengthbytes 64160
[LOG] SystemI::createSample                    : channels = 2
[LOG] SystemI::createSample                    : output = 0000000024280508
[LOG] OutputSoftware::createSample             : lengthpcm 307400, lengthbytes 64160, channels 2, format 2, freq 48000, mode 0a00020a
[LOG] SystemI::createSoundInternal             : done.  OpenState now = FMOD_OPENSTATE_READY.

[LOG] SystemI::createSoundInternal             : filename =  : mode 0a000202
[LOG] SystemI::createSoundInternal             : exinfo->cbsize             = 232
[LOG] SystemI::createSoundInternal             : exinfo->length             = 15512768
[LOG] SystemI::createSoundInternal             : exinfo->fileoffset         = 189984
[LOG] SystemI::createSoundInternal             : exinfo->numsubsounds       = 1
[LOG] SystemI::createSoundInternal             : exinfo->inclusionlist      = 00000000C95EFB48
[LOG] SystemI::createSoundInternal             : exinfo->inclusionlistnum   = 1
[LOG] SystemI::createSoundInternal             : exinfo->suggestedsoundtype = 5
[LOG] SystemI::createSoundInternal             : exinfo->useropen           = 00007FFE3E552E20
[LOG] SystemI::createSoundInternal             : exinfo->userclose          = 00007FFE3E552DF0
[LOG] SystemI::createSoundInternal             : exinfo->userread           = 00007FFE3E552F00
[LOG] SystemI::createSoundInternal             : exinfo->userseek           = 00007FFE3E552FB0
[LOG] SystemI::createSoundInternal             : exinfo->fileuserdata       = 0000000024266348
[LOG] SystemI::createSoundInternal             : exinfo->initialseekpostype = 1
[LOG] SystemI::createSoundInternal             : Format has 1 subsounds.
[LOG] SystemI::createSoundInternal             : Create as FMOD_CREATESAMPLE
[LOG] SystemI::createSoundInternal             : Multi-sample sound (1 subsounds), create a sample container.
[LOG] SystemI::createSoundInternal             : creating subsound 0/1
[LOG] SystemI::createSample                    : mode 0a000202 length 461400 samples, lengthbytes 128000
[LOG] SystemI::createSample                    : channels = 2
[LOG] SystemI::createSample                    : output = 0000000024280508
[LOG] OutputSoftware::createSample             : lengthpcm 461400, lengthbytes 128000, channels 2, format 2, freq 48000, mode 0a00020a
[LOG] SystemI::createSoundInternal             : done.  OpenState now = FMOD_OPENSTATE_READY.

[LOG] SystemI::createSoundInternal             : filename =  : mode 0a000202
[LOG] SystemI::createSoundInternal             : exinfo->cbsize             = 232
[LOG] SystemI::createSoundInternal             : exinfo->length             = 15512768
[LOG] SystemI::createSoundInternal             : exinfo->fileoffset         = 189984
[LOG] SystemI::createSoundInternal             : exinfo->numsubsounds       = 1
[LOG] SystemI::createSoundInternal             : exinfo->inclusionlist      = 00000000C95EFB48
[LOG] SystemI::createSoundInternal             : exinfo->inclusionlistnum   = 1
[LOG] SystemI::createSoundInternal             : exinfo->suggestedsoundtype = 5
[LOG] SystemI::createSoundInternal             : exinfo->useropen           = 00007FFE3E552E20
[LOG] SystemI::createSoundInternal             : exinfo->userclose          = 00007FFE3E552DF0
[LOG] SystemI::createSoundInternal             : exinfo->userread           = 00007FFE3E552F00
[LOG] SystemI::createSoundInternal             : exinfo->userseek           = 00007FFE3E552FB0
[LOG] SystemI::createSoundInternal             : exinfo->fileuserdata       = 0000000024266348
[LOG] SystemI::createSoundInternal             : exinfo->initialseekpostype = 1
[LOG] SystemI::createSoundInternal             : Format has 1 subsounds.
[LOG] SystemI::createSoundInternal             : Create as FMOD_CREATESAMPLE
[LOG] SystemI::createSoundInternal             : Multi-sample sound (1 subsounds), create a sample container.
[LOG] SystemI::createSoundInternal             : creating subsound 0/1
[LOG] SystemI::createSample                    : mode 0a000202 length 691800 samples, lengthbytes 175072
[LOG] SystemI::createSample                    : channels = 2
[LOG] SystemI::createSample                    : output = 0000000024280508
[LOG] OutputSoftware::createSample             : lengthpcm 691800, lengthbytes 175072, channels 2, format 2, freq 48000, mode 0a00020a
[LOG] SystemI::createSoundInternal             : done.  OpenState now = FMOD_OPENSTATE_READY.

[LOG] SystemI::createSoundInternal             : filename =  : mode 0a000202
[LOG] SystemI::createSoundInternal             : exinfo->cbsize             = 232
[LOG] SystemI::createSoundInternal             : exinfo->length             = 15512768
[LOG] SystemI::createSoundInternal             : exinfo->fileoffset         = 189984
[LOG] SystemI::createSoundInternal             : exinfo->numsubsounds       = 1
[LOG] SystemI::createSoundInternal             : exinfo->inclusionlist      = 00000000C95EFB48
[LOG] SystemI::createSoundInternal             : exinfo->inclusionlistnum   = 1
[LOG] SystemI::createSoundInternal             : exinfo->suggestedsoundtype = 5
[LOG] SystemI::createSoundInternal             : exinfo->useropen           = 00007FFE3E552E20
[LOG] SystemI::createSoundInternal             : exinfo->userclose          = 00007FFE3E552DF0
[LOG] SystemI::createSoundInternal             : exinfo->userread           = 00007FFE3E552F00
[LOG] SystemI::createSoundInternal             : exinfo->userseek           = 00007FFE3E552FB0
[LOG] SystemI::createSoundInternal             : exinfo->fileuserdata       = 0000000024266348
[LOG] SystemI::createSoundInternal             : exinfo->initialseekpostype = 1
[LOG] SystemI::createSoundInternal             : Format has 1 subsounds.
[LOG] SystemI::createSoundInternal             : Create as FMOD_CREATESAMPLE
[LOG] SystemI::createSoundInternal             : Multi-sample sound (1 subsounds), create a sample container.
[LOG] SystemI::createSoundInternal             : creating subsound 0/1
[LOG] SystemI::createSample                    : mode 0a000202 length 1075400 samples, lengthbytes 242656
[LOG] SystemI::createSample                    : channels = 2
[LOG] SystemI::createSample                    : output = 0000000024280508
[LOG] OutputSoftware::createSample             : lengthpcm 1075400, lengthbytes 242656, channels 2, format 2, freq 48000, mode 0a00020a
[LOG] SystemI::createSoundInternal             : done.  OpenState now = FMOD_OPENSTATE_READY.

[LOG] SystemI::createSoundInternal             : filename =  : mode 0a000202
[LOG] SystemI::createSoundInternal             : exinfo->cbsize             = 232
[LOG] SystemI::createSoundInternal             : exinfo->length             = 15512768
[LOG] SystemI::createSoundInternal             : exinfo->fileoffset         = 189984
[LOG] SystemI::createSoundInternal             : exinfo->numsubsounds       = 1
[LOG] SystemI::createSoundInternal             : exinfo->inclusionlist      = 00000000C95EFB48
[LOG] SystemI::createSoundInternal             : exinfo->inclusionlistnum   = 1
[LOG] SystemI::createSoundInternal             : exinfo->suggestedsoundtype = 5
[LOG] SystemI::createSoundInternal             : exinfo->useropen           = 00007FFE3E552E20
[LOG] SystemI::createSoundInternal             : exinfo->userclose          = 00007FFE3E552DF0
[LOG] SystemI::createSoundInternal             : exinfo->userread           = 00007FFE3E552F00
[LOG] SystemI::createSoundInternal             : exinfo->userseek           = 00007FFE3E552FB0
[LOG] SystemI::createSoundInternal             : exinfo->fileuserdata       = 0000000024266348
[LOG] SystemI::createSoundInternal             : exinfo->initialseekpostype = 1
[LOG] SystemI::createSoundInternal             : Format has 1 subsounds.
[LOG] SystemI::createSoundInternal             : Create as FMOD_CREATESAMPLE
[LOG] SystemI::createSoundInternal             : Multi-sample sound (1 subsounds), create a sample container.
[LOG] SystemI::createSoundInternal             : creating subsound 0/1
[LOG] SystemI::createSample                    : mode 0a000202 length 1541015 samples, lengthbytes 339328
[LOG] SystemI::createSample                    : channels = 2
[LOG] SystemI::createSample                    : output = 0000000024280508
[LOG] OutputSoftware::createSample             : lengthpcm 1541015, lengthbytes 339328, channels 2, format 2, freq 48000, mode 0a00020a
[LOG] SystemI::createSoundInternal             : done.  OpenState now = FMOD_OPENSTATE_READY.

[LOG] SystemI::createSoundInternal             : filename =  : mode 0a000202
[LOG] SystemI::createSoundInternal             : exinfo->cbsize             = 232
[LOG] SystemI::createSoundInternal             : exinfo->length             = 15512768
[LOG] SystemI::createSoundInternal             : exinfo->fileoffset         = 189984
[LOG] SystemI::createSoundInternal             : exinfo->numsubsounds       = 1
[LOG] SystemI::createSoundInternal             : exinfo->inclusionlist      = 00000000C95EFB48
[LOG] SystemI::createSoundInternal             : exinfo->inclusionlistnum   = 1
[LOG] SystemI::createSoundInternal             : exinfo->suggestedsoundtype = 5
[LOG] SystemI::createSoundInternal             : exinfo->useropen           = 00007FFE3E552E20
[LOG] SystemI::createSoundInternal             : exinfo->userclose          = 00007FFE3E552DF0
[LOG] SystemI::createSoundInternal             : exinfo->userread           = 00007FFE3E552F00
[LOG] SystemI::createSoundInternal             : exinfo->userseek           = 00007FFE3E552FB0
[LOG] SystemI::createSoundInternal             : exinfo->fileuserdata       = 0000000024266348
[LOG] SystemI::createSoundInternal             : exinfo->initialseekpostype = 1
[LOG] SystemI::createSoundInternal             : Format has 1 subsounds.
[LOG] SystemI::createSoundInternal             : Create as FMOD_CREATESAMPLE
[LOG] SystemI::createSoundInternal             : Multi-sample sound (1 subsounds), create a sample container.
[LOG] SystemI::createSoundInternal             : creating subsound 0/1
[LOG] SystemI::createSample                    : mode 0a000202 length 4283200 samples, lengthbytes 979168
[LOG] SystemI::createSample                    : channels = 2
[LOG] SystemI::createSample                    : output = 0000000024280508
[LOG] OutputSoftware::createSample             : lengthpcm 4283200, lengthbytes 979168, channels 2, format 2, freq 48000, mode 0a00020a
[LOG] SystemI::createSoundInternal             : done.  OpenState now = FMOD_OPENSTATE_READY.

[LOG] SystemI::createSoundInternal             : filename =  : mode 0a000202
[LOG] SystemI::createSoundInternal             : exinfo->cbsize             = 232
[LOG] SystemI::createSoundInternal             : exinfo->length             = 15512768
[LOG] SystemI::createSoundInternal             : exinfo->fileoffset         = 189984
[LOG] SystemI::createSoundInternal             : exinfo->numsubsounds       = 1
[LOG] SystemI::createSoundInternal             : exinfo->inclusionlist      = 00000000C95EFB48
[LOG] SystemI::createSoundInternal             : exinfo->inclusionlistnum   = 1
[LOG] SystemI::createSoundInternal             : exinfo->suggestedsoundtype = 5
[LOG] SystemI::createSoundInternal             : exinfo->useropen           = 00007FFE3E552E20
[LOG] SystemI::createSoundInternal             : exinfo->userclose          = 00007FFE3E552DF0
[LOG] SystemI::createSoundInternal             : exinfo->userread           = 00007FFE3E552F00
[LOG] SystemI::createSoundInternal             : exinfo->userseek           = 00007FFE3E552FB0
[LOG] SystemI::createSoundInternal             : exinfo->fileuserdata       = 0000000024266348
[LOG] SystemI::createSoundInternal             : exinfo->initialseekpostype = 1
[LOG] SystemI::createSoundInternal             : Format has 1 subsounds.
[LOG] SystemI::createSoundInternal             : Create as FMOD_CREATESAMPLE
[LOG] SystemI::createSoundInternal             : Multi-sample sound (1 subsounds), create a sample container.
[LOG] SystemI::createSoundInternal             : creating subsound 0/1
[LOG] SystemI::createSample                    : mode 0a000202 length 614600 samples, lengthbytes 148704
[LOG] SystemI::createSample                    : channels = 2
[LOG] SystemI::createSample                    : output = 0000000024280508
[LOG] OutputSoftware::createSample             : lengthpcm 614600, lengthbytes 148704, channels 2, format 2, freq 48000, mode 0a00020a
[LOG] SystemI::createSoundInternal             : done.  OpenState now = FMOD_OPENSTATE_READY.

[LOG] SystemI::createSoundInternal             : filename =  : mode 0a000202
[LOG] SystemI::createSoundInternal             : exinfo->cbsize             = 232
[LOG] SystemI::createSoundInternal             : exinfo->length             = 15512768
[LOG] SystemI::createSoundInternal             : exinfo->fileoffset         = 189984
[LOG] SystemI::createSoundInternal             : exinfo->numsubsounds       = 1
[LOG] SystemI::createSoundInternal             : exinfo->inclusionlist      = 00000000C95EFB48
[LOG] SystemI::createSoundInternal             : exinfo->inclusionlistnum   = 1
[LOG] SystemI::createSoundInternal             : exinfo->suggestedsoundtype = 5
[LOG] SystemI::createSoundInternal             : exinfo->useropen           = 00007FFE3E552E20
[LOG] SystemI::createSoundInternal             : exinfo->userclose          = 00007FFE3E552DF0
[LOG] SystemI::createSoundInternal             : exinfo->userread           = 00007FFE3E552F00
[LOG] SystemI::createSoundInternal             : exinfo->userseek           = 00007FFE3E552FB0
[LOG] SystemI::createSoundInternal             : exinfo->fileuserdata       = 0000000024266348
[LOG] SystemI::createSoundInternal             : exinfo->initialseekpostype = 1
[LOG] SystemI::createSoundInternal             : Format has 1 subsounds.
[LOG] SystemI::createSoundInternal             : Create as FMOD_CREATESAMPLE
[LOG] SystemI::createSoundInternal             : Multi-sample sound (1 subsounds), create a sample container.
[LOG] SystemI::createSoundInternal             : creating subsound 0/1
[LOG] SystemI::createSample                    : mode 0a000202 length 584306 samples, lengthbytes 159520
[LOG] SystemI::createSample                    : channels = 2
[LOG] SystemI::createSample                    : output = 0000000024280508
[LOG] OutputSoftware::createSample             : lengthpcm 584306, lengthbytes 159520, channels 2, format 2, freq 48000, mode 0a00020a
[LOG] SystemI::createSoundInternal             : done.  OpenState now = FMOD_OPENSTATE_READY.

[LOG] SystemI::createSoundInternal             : filename =  : mode 0a000202
[LOG] SystemI::createSoundInternal             : exinfo->cbsize             = 232
[LOG] SystemI::createSoundInternal             : exinfo->length             = 15512768
[LOG] SystemI::createSoundInternal             : exinfo->fileoffset         = 189984
[LOG] SystemI::createSoundInternal             : exinfo->numsubsounds       = 1
[LOG] SystemI::createSoundInternal             : exinfo->inclusionlist      = 00000000C95EFB48
[LOG] SystemI::createSoundInternal             : exinfo->inclusionlistnum   = 1
[LOG] SystemI::createSoundInternal             : exinfo->suggestedsoundtype = 5
[LOG] SystemI::createSoundInternal             : exinfo->useropen           = 00007FFE3E552E20
[LOG] SystemI::createSoundInternal             : exinfo->userclose          = 00007FFE3E552DF0
[LOG] SystemI::createSoundInternal             : exinfo->userread           = 00007FFE3E552F00
[LOG] SystemI::createSoundInternal             : exinfo->userseek           = 00007FFE3E552FB0
[LOG] SystemI::createSoundInternal             : exinfo->fileuserdata       = 0000000024266348
[LOG] SystemI::createSoundInternal             : exinfo->initialseekpostype = 1
[LOG] SystemI::createSoundInternal             : Format has 1 subsounds.
[LOG] SystemI::createSoundInternal             : Create as FMOD_CREATESAMPLE
[LOG] SystemI::createSoundInternal             : Multi-sample sound (1 subsounds), create a sample container.
[LOG] SystemI::createSoundInternal             : creating subsound 0/1
[LOG] SystemI::createSample                    : mode 0a000202 length 398733 samples, lengthbytes 102752
[LOG] SystemI::createSample                    : channels = 2
[LOG] SystemI::createSample                    : output = 0000000024280508
[LOG] OutputSoftware::createSample             : lengthpcm 398733, lengthbytes 102752, channels 2, format 2, freq 48000, mode 0a00020a
[LOG] SystemI::createSoundInternal             : done.  OpenState now = FMOD_OPENSTATE_READY.

[LOG] SystemI::createSoundInternal             : filename =  : mode 0a000202
[LOG] SystemI::createSoundInternal             : exinfo->cbsize             = 232
[LOG] SystemI::createSoundInternal             : exinfo->length             = 15512768
[LOG] SystemI::createSoundInternal             : exinfo->fileoffset         = 189984
[LOG] SystemI::createSoundInternal             : exinfo->numsubsounds       = 1
[LOG] SystemI::createSoundInternal             : exinfo->inclusionlist      = 00000000C95EFB48
[LOG] SystemI::createSoundInternal             : exinfo->inclusionlistnum   = 1
[LOG] SystemI::createSoundInternal             : exinfo->suggestedsoundtype = 5
[LOG] SystemI::createSoundInternal             : exinfo->useropen           = 00007FFE3E552E20
[LOG] SystemI::createSoundInternal             : exinfo->userclose          = 00007FFE3E552DF0
[LOG] SystemI::createSoundInternal             : exinfo->userread           = 00007FFE3E552F00
[LOG] SystemI::createSoundInternal             : exinfo->userseek           = 00007FFE3E552FB0
[LOG] SystemI::createSoundInternal             : exinfo->fileuserdata       = 0000000024266348
[LOG] SystemI::createSoundInternal             : exinfo->initialseekpostype = 1
[LOG] SystemI::createSoundInternal             : Format has 1 subsounds.
[LOG] SystemI::createSoundInternal             : Create as FMOD_CREATESAMPLE
[LOG] SystemI::createSoundInternal             : Multi-sample sound (1 subsounds), create a sample container.
[LOG] SystemI::createSoundInternal             : creating subsound 0/1
[LOG] SystemI::createSample                    : mode 0a000202 length 1152200 samples, lengthbytes 213792
[LOG] SystemI::createSample                    : channels = 2
[LOG] SystemI::createSample                    : output = 0000000024280508
[LOG] OutputSoftware::createSample             : lengthpcm 1152200, lengthbytes 213792, channels 2, format 2, freq 48000, mode 0a00020a
[LOG] SystemI::createSoundInternal             : done.  OpenState now = FMOD_OPENSTATE_READY.

[WRN] EventInstance::update                    : Event {1b240b7a-75db-4cd5-a349-9b889e58b4e7} waited 121 milliseconds for sample data to load.  Preload sample data to avoid this delay.
[LOG] SystemI::createSound                     : filename = Assets\Audio\werewolf\Build\Desktop/Master Bank.bank : mode 0a010082
[LOG] SystemI::createSound                     : FMOD_NONBLOCKING specified.  Putting into queue to be opened asynchronously!
[LOG] Thread::initThread                       : Initializing FMOD nonblocking thread (0).  priority 1
[LOG] Thread::initThread                       : - Stacksize 81920.  Stack pointer 0000000000000000 : usesemaphore = 1 : sleeptime = 0
[LOG] Thread::callback                         : * FMOD nonblocking thread (0) started
[LOG] SystemI::createSound                     : setdata soundi = 000000002464A448 : node = 00000000244D5330
[LOG] SystemI::createSound                     : add node to async list : head = 0000000023FEDAB0.  list count = 0
[LOG] AsyncThread::threadFunc                  : Starting Asynchronous operation on sound 000000002464A448
[LOG] SystemI::createSoundInternal             :     filename = Assets\Audio\werewolf\Build\Desktop/Master Bank.bank : mode 0a010082
[LOG] SystemI::createSoundInternal             :     exinfo->cbsize             = 232
[LOG] SystemI::createSoundInternal             :     exinfo->length             = 15512768
[LOG] SystemI::createSoundInternal             :     exinfo->fileoffset         = 189984
[LOG] SystemI::createSoundInternal             :     exinfo->numsubsounds       = 1
[LOG] SystemI::createSoundInternal             :     exinfo->inclusionlist      = 00000000244D5448
[LOG] SystemI::createSoundInternal             :     exinfo->inclusionlistnum   = 1
[LOG] SystemI::createSoundInternal             :     exinfo->suggestedsoundtype = 5
[LOG] SystemI::createSoundInternal             :     exinfo->initialseekpostype = 1
[LOG] SystemI::createSoundInternal             :     Format has 1 subsounds.
[LOG] SystemI::createSoundInternal             :     Create as FMOD_CREATESTREAM
[LOG] System::createSoundInternal              :     decode buffersize = 19200 : blocksize = 256 : format = 2
[LOG] SystemI::createSample                    :     mode 0a010082 length 19200 samples, lengthbytes 2231648
[LOG] SystemI::createSample                    :     channels = 2
[LOG] SystemI::createSample                    :     output = 0000000024280508
[LOG] OutputSoftware::createSample             :     lengthpcm 19200, lengthbytes 2231648, channels 2, format 2, freq 48000, mode 0a01008a
[LOG] System::createSoundInternal              :     1 subsounds detected.
[LOG] System::createSoundInternal              :     Seek stream to start
[LOG] System::createSoundInternal              :     flush stream buffer
[LOG] System::createSoundInternal              :     flush successful.
[LOG] System::createSoundInternal              :     switch file handle from small blocking single buffered to large nonblocking doublebuffered.
[LOG] Thread::initThread                       :         Initializing FMOD file thread.  priority 1
[LOG] Thread::initThread                       :         - Stacksize 16384.  Stack pointer 0000000000000000 : usesemaphore = 0 : sleeptime = 10
[LOG] Thread::callback                         :         * FMOD file thread started
[LOG] SystemI::createSoundInternal             :     done.  OpenState now = FMOD_OPENSTATE_READY.

[LOG] AsyncThread::threadFunc                  : Finished Asynchronous operation on sound 000000002464A448
[LOG] SoundI::getSubSound                      : sound 000000002464A448.  Subsound index 0 / 1
[LOG] AsyncThread::threadFunc                  : Starting Asynchronous operation on sound 000000002464A788
[LOG] AsyncThread::threadFunc                  : Finished Asynchronous operation on sound 000000002464A788
[LOG] SystemI::createSoundInternal             : filename =  : mode 0a000202
[LOG] SystemI::createSoundInternal             : exinfo->cbsize             = 232
[LOG] SystemI::createSoundInternal             : exinfo->length             = 15512768
[LOG] SystemI::createSoundInternal             : exinfo->fileoffset         = 189984
[LOG] SystemI::createSoundInternal             : exinfo->numsubsounds       = 1
[LOG] SystemI::createSoundInternal             : exinfo->inclusionlist      = 00000000C95EFB48
[LOG] SystemI::createSoundInternal             : exinfo->inclusionlistnum   = 1
[LOG] SystemI::createSoundInternal             : exinfo->suggestedsoundtype = 5
[LOG] SystemI::createSoundInternal             : exinfo->useropen           = 00007FFE3E552E20
[LOG] SystemI::createSoundInternal             : exinfo->userclose          = 00007FFE3E552DF0
[LOG] SystemI::createSoundInternal             : exinfo->userread           = 00007FFE3E552F00
[LOG] SystemI::createSoundInternal             : exinfo->userseek           = 00007FFE3E552FB0
[LOG] SystemI::createSoundInternal             : exinfo->fileuserdata       = 0000000024271188
[LOG] SystemI::createSoundInternal             : exinfo->initialseekpostype = 1
[LOG] SystemI::createSoundInternal             : Format has 1 subsounds.
[LOG] SystemI::createSoundInternal             : Create as FMOD_CREATESAMPLE
[LOG] SystemI::createSoundInternal             : Multi-sample sound (1 subsounds), create a sample container.
[LOG] SystemI::createSoundInternal             : creating subsound 0/1
[LOG] SystemI::createSample                    : mode 0a000202 length 8525 samples, lengthbytes 3040
[LOG] SystemI::createSample                    : channels = 2
[LOG] SystemI::createSample                    : output = 0000000024280508
[LOG] OutputSoftware::createSample             : lengthpcm 8525, lengthbytes 3040, channels 2, format 2, freq 48000, mode 0a00020a
[LOG] SystemI::createSoundInternal             : done.  OpenState now = FMOD_OPENSTATE_READY.

[LOG] SystemI::createSoundInternal             : filename =  : mode 0a000202
[LOG] SystemI::createSoundInternal             : exinfo->cbsize             = 232
[LOG] SystemI::createSoundInternal             : exinfo->length             = 15512768
[LOG] SystemI::createSoundInternal             : exinfo->fileoffset         = 189984
[LOG] SystemI::createSoundInternal             : exinfo->numsubsounds       = 1
[LOG] SystemI::createSoundInternal             : exinfo->inclusionlist      = 00000000C95EFB48
[LOG] SystemI::createSoundInternal             : exinfo->inclusionlistnum   = 1
[LOG] SystemI::createSoundInternal             : exinfo->suggestedsoundtype = 5
[LOG] SystemI::createSoundInternal             : exinfo->useropen           = 00007FFE3E552E20
[LOG] SystemI::createSoundInternal             : exinfo->userclose          = 00007FFE3E552DF0
[LOG] SystemI::createSoundInternal             : exinfo->userread           = 00007FFE3E552F00
[LOG] SystemI::createSoundInternal             : exinfo->userseek           = 00007FFE3E552FB0
[LOG] SystemI::createSoundInternal             : exinfo->fileuserdata       = 0000000024271188
[LOG] SystemI::createSoundInternal             : exinfo->initialseekpostype = 1
[LOG] SystemI::createSoundInternal             : Format has 1 subsounds.
[LOG] SystemI::createSoundInternal             : Create as FMOD_CREATESAMPLE
[LOG] SystemI::createSoundInternal             : Multi-sample sound (1 subsounds), create a sample container.
[LOG] SystemI::createSoundInternal             : creating subsound 0/1
[LOG] SystemI::createSample                    : mode 0a000202 length 419182 samples, lengthbytes 89248
[LOG] SystemI::createSample                    : channels = 2
[LOG] SystemI::createSample                    : output = 0000000024280508
[LOG] OutputSoftware::createSample             : lengthpcm 419182, lengthbytes 89248, channels 2, format 2, freq 48000, mode 0a00020a
[LOG] SystemI::createSoundInternal             : done.  OpenState now = FMOD_OPENSTATE_READY.

[LOG] SystemI::createSoundInternal             : filename =  : mode 0a000202
[LOG] SystemI::createSoundInternal             : exinfo->cbsize             = 232
[LOG] SystemI::createSoundInternal             : exinfo->length             = 15512768
[LOG] SystemI::createSoundInternal             : exinfo->fileoffset         = 189984
[LOG] SystemI::createSoundInternal             : exinfo->numsubsounds       = 1
[LOG] SystemI::createSoundInternal             : exinfo->inclusionlist      = 00000000C95EFB48
[LOG] SystemI::createSoundInternal             : exinfo->inclusionlistnum   = 1
[LOG] SystemI::createSoundInternal             : exinfo->suggestedsoundtype = 5
[LOG] SystemI::createSoundInternal             : exinfo->useropen           = 00007FFE3E552E20
[LOG] SystemI::createSoundInternal             : exinfo->userclose          = 00007FFE3E552DF0
[LOG] SystemI::createSoundInternal             : exinfo->userread           = 00007FFE3E552F00
[LOG] SystemI::createSoundInternal             : exinfo->userseek           = 00007FFE3E552FB0
[LOG] SystemI::createSoundInternal             : exinfo->fileuserdata       = 0000000024271188
[LOG] SystemI::createSoundInternal             : exinfo->initialseekpostype = 1
[LOG] SystemI::createSoundInternal             : Format has 1 subsounds.
[LOG] SystemI::createSoundInternal             : Create as FMOD_CREATESAMPLE
[LOG] SystemI::createSoundInternal             : Multi-sample sound (1 subsounds), create a sample container.
[LOG] SystemI::createSoundInternal             : creating subsound 0/1
[LOG] SystemI::createSample                    : mode 0a000202 length 52363 samples, lengthbytes 10720
[LOG] SystemI::createSample                    : channels = 2
[LOG] SystemI::createSample                    : output = 0000000024280508
[LOG] OutputSoftware::createSample             : lengthpcm 52363, lengthbytes 10720, channels 2, format 2, freq 48000, mode 0a00020a
[LOG] SystemI::createSoundInternal             : done.  OpenState now = FMOD_OPENSTATE_READY.

[LOG] SystemI::createSoundInternal             : filename =  : mode 0a000202
[LOG] SystemI::createSoundInternal             : exinfo->cbsize             = 232
[LOG] SystemI::createSoundInternal             : exinfo->length             = 15512768
[LOG] SystemI::createSoundInternal             : exinfo->fileoffset         = 189984
[LOG] SystemI::createSoundInternal             : exinfo->numsubsounds       = 1
[LOG] SystemI::createSoundInternal             : exinfo->inclusionlist      = 00000000C95EFB48
[LOG] SystemI::createSoundInternal             : exinfo->inclusionlistnum   = 1
[LOG] SystemI::createSoundInternal             : exinfo->suggestedsoundtype = 5
[LOG] SystemI::createSoundInternal             : exinfo->useropen           = 00007FFE3E552E20
[LOG] SystemI::createSoundInternal             : exinfo->userclose          = 00007FFE3E552DF0
[LOG] SystemI::createSoundInternal             : exinfo->userread           = 00007FFE3E552F00
[LOG] SystemI::createSoundInternal             : exinfo->userseek           = 00007FFE3E552FB0
[LOG] SystemI::createSoundInternal             : exinfo->fileuserdata       = 0000000024271188
[LOG] SystemI::createSoundInternal             : exinfo->initialseekpostype = 1
[LOG] SystemI::createSoundInternal             : Format has 1 subsounds.
[LOG] SystemI::createSoundInternal             : Create as FMOD_CREATESAMPLE
[LOG] SystemI::createSoundInternal             : Multi-sample sound (1 subsounds), create a sample container.
[LOG] SystemI::createSoundInternal             : creating subsound 0/1
[LOG] SystemI::createSample                    : mode 0a000202 length 3378857 samples, lengthbytes 706464
[LOG] SystemI::createSample                    : channels = 2
[LOG] SystemI::createSample                    : output = 0000000024280508
[LOG] OutputSoftware::createSample             : lengthpcm 3378857, lengthbytes 706464, channels 2, format 2, freq 48000, mode 0a00020a
[LOG] SystemI::createSoundInternal             : done.  OpenState now = FMOD_OPENSTATE_READY.

[LOG] SystemI::createSoundInternal             : filename =  : mode 0a000202
[LOG] SystemI::createSoundInternal             : exinfo->cbsize             = 232
[LOG] SystemI::createSoundInternal             : exinfo->length             = 15512768
[LOG] SystemI::createSoundInternal             : exinfo->fileoffset         = 189984
[LOG] SystemI::createSoundInternal             : exinfo->numsubsounds       = 1
[LOG] SystemI::createSoundInternal             : exinfo->inclusionlist      = 00000000C95EFB48
[LOG] SystemI::createSoundInternal             : exinfo->inclusionlistnum   = 1
[LOG] SystemI::createSoundInternal             : exinfo->suggestedsoundtype = 5
[LOG] SystemI::createSoundInternal             : exinfo->useropen           = 00007FFE3E552E20
[LOG] SystemI::createSoundInternal             : exinfo->userclose          = 00007FFE3E552DF0
[LOG] SystemI::createSoundInternal             : exinfo->userread           = 00007FFE3E552F00
[LOG] SystemI::createSoundInternal             : exinfo->userseek           = 00007FFE3E552FB0
[LOG] SystemI::createSoundInternal             : exinfo->fileuserdata       = 0000000024271188
[LOG] SystemI::createSoundInternal             : exinfo->initialseekpostype = 1
[LOG] SystemI::createSoundInternal             : Format has 1 subsounds.
[LOG] SystemI::createSoundInternal             : Create as FMOD_CREATESAMPLE
[LOG] SystemI::createSoundInternal             : Multi-sample sound (1 subsounds), create a sample container.
[LOG] SystemI::createSoundInternal             : creating subsound 0/1
[LOG] SystemI::createSample                    : mode 0a000202 length 52363 samples, lengthbytes 10528
[LOG] SystemI::createSample                    : channels = 2
[LOG] SystemI::createSample                    : output = 0000000024280508
[LOG] OutputSoftware::createSample             : lengthpcm 52363, lengthbytes 10528, channels 2, format 2, freq 48000, mode 0a00020a
[LOG] SystemI::createSoundInternal             : done.  OpenState now = FMOD_OPENSTATE_READY.

[LOG] SystemI::createSoundInternal             : filename =  : mode 0a000202
[LOG] SystemI::createSoundInternal             : exinfo->cbsize             = 232
[LOG] SystemI::createSoundInternal             : exinfo->length             = 15512768
[LOG] SystemI::createSoundInternal             : exinfo->fileoffset         = 189984
[LOG] SystemI::createSoundInternal             : exinfo->numsubsounds       = 1
[LOG] SystemI::createSoundInternal             : exinfo->inclusionlist      = 00000000C95EFB48
[LOG] SystemI::createSoundInternal             : exinfo->inclusionlistnum   = 1
[LOG] SystemI::createSoundInternal             : exinfo->suggestedsoundtype = 5
[LOG] SystemI::createSoundInternal             : exinfo->useropen           = 00007FFE3E552E20
[LOG] SystemI::createSoundInternal             : exinfo->userclose          = 00007FFE3E552DF0
[LOG] SystemI::createSoundInternal             : exinfo->userread           = 00007FFE3E552F00
[LOG] SystemI::createSoundInternal             : exinfo->userseek           = 00007FFE3E552FB0
[LOG] SystemI::createSoundInternal             : exinfo->fileuserdata       = 0000000024271188
[LOG] SystemI::createSoundInternal             : exinfo->initialseekpostype = 1
[LOG] SystemI::createSoundInternal             : Format has 1 subsounds.
[LOG] SystemI::createSoundInternal             : Create as FMOD_CREATESAMPLE
[LOG] SystemI::createSoundInternal             : Multi-sample sound (1 subsounds), create a sample container.
[LOG] SystemI::createSoundInternal             : creating subsound 0/1
[LOG] SystemI::createSample                    : mode 0a000202 length 576000 samples, lengthbytes 121536
[LOG] SystemI::createSample                    : channels = 2
[LOG] SystemI::createSample                    : output = 0000000024280508
[LOG] OutputSoftware::createSample             : lengthpcm 576000, lengthbytes 121536, channels 2, format 2, freq 48000, mode 0a00020a
[LOG] SystemI::createSoundInternal             : done.  OpenState now = FMOD_OPENSTATE_READY.

[LOG] SystemI::createSoundInternal             : filename =  : mode 0a000202
[LOG] SystemI::createSoundInternal             : exinfo->cbsize             = 232
[LOG] SystemI::createSoundInternal             : exinfo->length             = 15512768
[LOG] SystemI::createSoundInternal             : exinfo->fileoffset         = 189984
[LOG] SystemI::createSoundInternal             : exinfo->numsubsounds       = 1
[LOG] SystemI::createSoundInternal             : exinfo->inclusionlist      = 00000000C95EFB48
[LOG] SystemI::createSoundInternal             : exinfo->inclusionlistnum   = 1
[LOG] SystemI::createSoundInternal             : exinfo->suggestedsoundtype = 5
[LOG] SystemI::createSoundInternal             : exinfo->useropen           = 00007FFE3E552E20
[LOG] SystemI::createSoundInternal             : exinfo->userclose          = 00007FFE3E552DF0
[LOG] SystemI::createSoundInternal             : exinfo->userread           = 00007FFE3E552F00
[LOG] SystemI::createSoundInternal             : exinfo->userseek           = 00007FFE3E552FB0
[LOG] SystemI::createSoundInternal             : exinfo->fileuserdata       = 0000000024271188
[LOG] SystemI::createSoundInternal             : exinfo->initialseekpostype = 1
[LOG] SystemI::createSoundInternal             : Format has 1 subsounds.
[LOG] SystemI::createSoundInternal             : Create as FMOD_CREATESAMPLE
[LOG] SystemI::createSoundInternal             : Multi-sample sound (1 subsounds), create a sample container.
[LOG] SystemI::createSoundInternal             : creating subsound 0/1
[LOG] SystemI::createSample                    : mode 0a000202 length 104727 samples, lengthbytes 22656
[LOG] SystemI::createSample                    : channels = 2
[LOG] SystemI::createSample                    : output = 0000000024280508
[LOG] OutputSoftware::createSample             : lengthpcm 104727, lengthbytes 22656, channels 2, format 2, freq 48000, mode 0a00020a
[LOG] SystemI::createSoundInternal             : done.  OpenState now = FMOD_OPENSTATE_READY.

[LOG] SystemI::createSoundInternal             : filename =  : mode 0a000202
[LOG] SystemI::createSoundInternal             : exinfo->cbsize             = 232
[LOG] SystemI::createSoundInternal             : exinfo->length             = 15512768
[LOG] SystemI::createSoundInternal             : exinfo->fileoffset         = 189984
[LOG] SystemI::createSoundInternal             : exinfo->numsubsounds       = 1
[LOG] SystemI::createSoundInternal             : exinfo->inclusionlist      = 00000000C95EFB48
[LOG] SystemI::createSoundInternal             : exinfo->inclusionlistnum   = 1
[LOG] SystemI::createSoundInternal             : exinfo->suggestedsoundtype = 5
[LOG] SystemI::createSoundInternal             : exinfo->useropen           = 00007FFE3E552E20
[LOG] SystemI::createSoundInternal             : exinfo->userclose          = 00007FFE3E552DF0
[LOG] SystemI::createSoundInternal             : exinfo->userread           = 00007FFE3E552F00
[LOG] SystemI::createSoundInternal             : exinfo->userseek           = 00007FFE3E552FB0
[LOG] SystemI::createSoundInternal             : exinfo->fileuserdata       = 0000000024271188
[LOG] SystemI::createSoundInternal             : exinfo->initialseekpostype = 1
[LOG] SystemI::createSoundInternal             : Format has 1 subsounds.
[LOG] SystemI::createSoundInternal             : Create as FMOD_CREATESAMPLE
[LOG] SystemI::createSoundInternal             : Multi-sample sound (1 subsounds), create a sample container.
[LOG] SystemI::createSoundInternal             : creating subsound 0/1
[LOG] SystemI::createSample                    : mode 0a000202 length 78545 samples, lengthbytes 18240
[LOG] SystemI::createSample                    : channels = 2
[LOG] SystemI::createSample                    : output = 0000000024280508
[LOG] OutputSoftware::createSample             : lengthpcm 78545, lengthbytes 18240, channels 2, format 2, freq 48000, mode 0a00020a
[LOG] SystemI::createSoundInternal             : done.  OpenState now = FMOD_OPENSTATE_READY.

[LOG] SystemI::createSoundInternal             : filename =  : mode 0a000202
[LOG] SystemI::createSoundInternal             : exinfo->cbsize             = 232
[LOG] SystemI::createSoundInternal             : exinfo->length             = 15512768
[LOG] SystemI::createSoundInternal             : exinfo->fileoffset         = 189984
[LOG] SystemI::createSoundInternal             : exinfo->numsubsounds       = 1
[LOG] SystemI::createSoundInternal             : exinfo->inclusionlist      = 00000000C95EFB48
[LOG] SystemI::createSoundInternal             : exinfo->inclusionlistnum   = 1
[LOG] SystemI::createSoundInternal             : exinfo->suggestedsoundtype = 5
[LOG] SystemI::createSoundInternal             : exinfo->useropen           = 00007FFE3E552E20
[LOG] SystemI::createSoundInternal             : exinfo->userclose          = 00007FFE3E552DF0
[LOG] SystemI::createSoundInternal             : exinfo->userread           = 00007FFE3E552F00
[WRN] EventInstance::update                    : Event {cc4d05e3-6d87-4982-b1bf-fa51b3bebba8} waited 92 milliseconds for sample data to load.  Preload sample data to avoid this delay.
[LOG] SystemI::createSoundInternal             : exinfo->userseek           = 00007FFE3E552FB0
[LOG] SystemI::createSoundInternal             : exinfo->fileuserdata       = 0000000024271188
[LOG] SystemI::createSoundInternal             : exinfo->initialseekpostype = 1
[LOG] SystemI::createSoundInternal             : Format has 1 subsounds.
[LOG] SystemI::createSoundInternal             : Create as FMOD_CREATESAMPLE
[LOG] SystemI::createSoundInternal             : Multi-sample sound (1 subsounds), create a sample container.
[LOG] SystemI::createSoundInternal             : creating subsound 0/1
[LOG] SystemI::createSample                    : mode 0a000202 length 740571 samples, lengthbytes 158016
[LOG] SystemI::createSample                    : channels = 2
[LOG] SystemI::createSample                    : output = 0000000024280508
[LOG] OutputSoftware::createSample             : lengthpcm 740571, lengthbytes 158016, channels 2, format 2, freq 48000, mode 0a00020a
[LOG] SystemI::createSoundInternal             : done.  OpenState now = FMOD_OPENSTATE_READY.

[WRN] EventInstance::update                    : Event {82b31c80-59e2-4836-9518-3fa7b7a92afc} waited 112 milliseconds for sample data to load.  Preload sample data to avoid this delay.
[LOG] SoundI::release                          : (null) (000000004D560AA8)
[LOG] SoundI::release                          : release subsounds. (000000004D560AA8)
[LOG] SoundI::release                          :     (null) (0000000024586C08)
[LOG] SoundI::release                          : release codec. (000000004D560AA8)
[LOG] SoundI::release                          : (null) (000000002464A448)
[LOG] SoundI::release                          : remove stream samples. (000000002464A448)
[LOG] SoundI::release                          :     (null) (00000000245836E8)
[LOG] SoundI::release                          : release subsounds. (000000002464A448)
[LOG] SoundI::release                          :     (null) (000000002464A788)
[LOG] SoundI::release                          : release codec. (000000002464A448)
[LOG] SoundI::release                          : (null) (0000000024617EE8)
[LOG] SoundI::release                          : release subsounds. (0000000024617EE8)
[LOG] SoundI::release                          :     (null) (00000000245830A8)
[LOG] SoundI::release                          : release codec. (0000000024617EE8)
[LOG] SoundI::release                          : (null) (000000004D560378)
[LOG] SoundI::release                          : release subsounds. (000000004D560378)
[LOG] SoundI::release                          :     (null) (0000000024588378)
[LOG] SoundI::release                          : release codec. (000000004D560378)
[LOG] SoundI::release                          : (null) (0000000024617A98)
[LOG] SoundI::release                          : release subsounds. (0000000024617A98)
[LOG] SoundI::release                          :     (null) (00000000245849A8)
[LOG] SoundI::release                          : release codec. (0000000024617A98)
[LOG] SoundI::release                          : (null) (0000000024618788)
[LOG] SoundI::release                          : release subsounds. (0000000024618788)
[LOG] SoundI::release                          :     (null) (00000000245870B8)
[LOG] SoundI::release                          : release codec. (0000000024618788)
[LOG] SoundI::release                          : (null) (000000004D5607C8)
[LOG] SoundI::release                          : release subsounds. (000000004D5607C8)
[LOG] SoundI::release                          :     (null) (0000000023FA2268)
[LOG] SoundI::release                          : release codec. (000000004D5607C8)
[LOG] SoundI::release                          : (null) (00000000246177B8)
[LOG] SoundI::release                          : release subsounds. (00000000246177B8)
[LOG] SoundI::release                          :     (null) (0000000024584368)
[LOG] SoundI::release                          : release codec. (00000000246177B8)
[LOG] SoundI::release                          : (null) (0000000024617088)
[LOG] SoundI::release                          : release subsounds. (0000000024617088)
[LOG] SoundI::release                          :     (null) (00000000245868E8)
[LOG] SoundI::release                          : release codec. (0000000024617088)
[LOG] SoundI::release                          : (null) (000000004D560938)
[LOG] SoundI::release                          : release subsounds. (000000004D560938)
[LOG] SoundI::release                          :     (null) (0000000024583238)
[LOG] SoundI::release                          : release codec. (000000004D560938)
[LOG] SoundI::release                          : (null) (00000000246188F8)
[LOG] SoundI::release                          : release subsounds. (00000000246188F8)
[LOG] SoundI::release                          :     (null) (0000000024582108)
[LOG] SoundI::release                          : release codec. (00000000246188F8)
[LOG] SoundI::release                          : (null) (0000000024617368)
[LOG] SoundI::release                          : release subsounds. (0000000024617368)
[LOG] SoundI::release                          :     (null) (00000000245862A8)
[LOG] SoundI::release                          : release codec. (0000000024617368)
[LOG] SoundI::release                          : (null) (000000004D55FC48)
[LOG] SoundI::release                          : release subsounds. (000000004D55FC48)
[LOG] SoundI::release                          :     (null) (0000000024586D98)
[LOG] SoundI::release                          : release codec. (000000004D55FC48)
[LOG] SoundI::release                          : (null) (0000000024617C08)
[LOG] SoundI::release                          : release subsounds. (0000000024617C08)
[LOG] SoundI::release                          :     (null) (00000000245828D8)
[LOG] SoundI::release                          : release codec. (0000000024617C08)
[LOG] SoundI::release                          : (null) (000000004D560208)
[LOG] SoundI::release                          : release subsounds. (000000004D560208)
[LOG] SoundI::release                          :     (null) (0000000024583558)
[LOG] SoundI::release                          : release codec. (000000004D560208)
[LOG] SoundI::release                          : (null) (000000004D55FF28)
[LOG] SoundI::release                          : release subsounds. (000000004D55FF28)
[LOG] SoundI::release                          :     (null) (0000000024582F18)
[LOG] SoundI::release                          : release codec. (000000004D55FF28)
[LOG] SoundI::release                          : (null) (0000000024618A68)
[LOG] SoundI::release                          : release subsounds. (0000000024618A68)
[LOG] SoundI::release                          :     (null) (0000000024584E58)
[LOG] SoundI::release                          : release codec. (0000000024618A68)
[LOG] SoundI::release                          : (null) (00000000246171F8)
[LOG] SoundI::release                          : release subsounds. (00000000246171F8)
[LOG] SoundI::release                          :     (null) (0000000024586A78)
[LOG] SoundI::release                          : release codec. (00000000246171F8)
[LOG] SoundI::release                          : (null) (000000004D560098)
[LOG] SoundI::release                          : release subsounds. (000000004D560098)
[LOG] SoundI::release                          :     (null) (0000000024584688)
[LOG] SoundI::release                          : release codec. (000000004D560098)
[LOG] SoundI::release                          : (null) (000000004D55F688)
[LOG] SoundI::release                          : release subsounds. (000000004D55F688)
[LOG] SoundI::release                          :     (null) (00000000245889B8)
[LOG] SoundI::release                          : release codec. (000000004D55F688)
[LOG] SoundI::release                          : (null) (000000004D560EF8)
[LOG] SoundI::release                          : release subsounds. (000000004D560EF8)
[LOG] SoundI::release                          :     (null) (0000000024588E68)
[LOG] SoundI::release                          : release codec. (000000004D560EF8)
[LOG] SoundI::release                          : (null) (000000004D55FAD8)
[LOG] SoundI::release                          : release subsounds. (000000004D55FAD8)
[LOG] SoundI::release                          :     (null) (0000000024588508)
[LOG] SoundI::release                          : release codec. (000000004D55FAD8)
[LOG] SoundI::release                          : (null) (000000004D55FDB8)
[LOG] SoundI::release                          : release subsounds. (000000004D55FDB8)
[LOG] SoundI::release                          :     (null) (0000000024581C58)
[LOG] SoundI::release                          : release codec. (000000004D55FDB8)
[LOG] SoundI::release                          : (null) (000000004D560D88)
[LOG] SoundI::release                          : release subsounds. (000000004D560D88)
[LOG] SoundI::release                          :     (null) (00000000245881E8)
[LOG] SoundI::release                          : release codec. (000000004D560D88)
[LOG] SoundI::release                          : (null) (000000004D55F238)
[LOG] SoundI::release                          : release subsounds. (000000004D55F238)
[LOG] SoundI::release                          :     (null) (00000000245825B8)
[LOG] SoundI::release                          : release codec. (000000004D55F238)
[LOG] Thread::callback                         : * FMOD Studio update thread finished
[LOG] Thread::close                            : FMOD Studio update thread thread destroyed
[LOG] Thread::callback                         : * FMOD Studio bank load thread finished
[LOG] Thread::close                            : FMOD Studio bank load thread thread destroyed
[LOG] Profile::disconnectAll                   : Profiler disconnecting all clients
[LOG] Thread::callback                         : * FMOD Studio sample load thread finished
[LOG] Thread::close                            : FMOD Studio sample load thread thread destroyed
[LOG] LiveUpdate::release                      : 
[LOG] SystemI::close                           : 
[LOG] SystemI::close                           : Stop all sounds
[LOG] Thread::callback                         : * FMOD stream thread finished
[LOG] Thread::close                            : FMOD stream thread thread destroyed
[LOG] SystemI::close                           : Stream thread destroyed
[LOG] Thread::callback                         : * FMOD mixer thread finished
[LOG] Thread::close                            : FMOD mixer thread thread destroyed
[LOG] SystemI::close                           : Free master channel group.
[LOG] SystemI::close                           : Remove 'master' sound group.
[LOG] SystemI::close                           : Free software output.
[LOG] SystemI::close                           : Free emulated output.
[LOG] SystemI::close                           : Free channel pool.
[LOG] Thread::callback                         : * FMOD nonblocking thread (0) finished
[LOG] Thread::close                            : FMOD nonblocking thread (0) thread destroyed
[LOG] Thread::callback                         : * FMOD file thread finished
[LOG] Thread::close                            : FMOD file thread thread destroyed
[LOG] SystemI::close                           : done.

